[debug] [2022-04-18T16:11:23.029Z] ----------------------------------------------------------------------
[debug] [2022-04-18T16:11:23.031Z] Command:       C:\Program Files\nodejs\node.exe C:\Users\ZAKARIA\AppData\Roaming\npm\node_modules\firebase-tools\lib\bin\firebase.js deploy
[debug] [2022-04-18T16:11:23.032Z] CLI Version:   10.6.0
[debug] [2022-04-18T16:11:23.032Z] Platform:      win32
[debug] [2022-04-18T16:11:23.032Z] Node Version:  v16.13.1
[debug] [2022-04-18T16:11:23.033Z] Time:          Mon Apr 18 2022 22:11:23 GMT+0600 (Bangladesh Standard Time)
[debug] [2022-04-18T16:11:23.033Z] ----------------------------------------------------------------------
[debug] 
[debug] [2022-04-18T16:11:23.096Z] > command requires scopes: ["email","openid","https://www.googleapis.com/auth/cloudplatformprojects.readonly","https://www.googleapis.com/auth/firebase","https://www.googleapis.com/auth/cloud-platform"]
[debug] [2022-04-18T16:11:23.096Z] > authorizing via signed-in user (jakaria.hossain6363@gmail.com)
[debug] [2022-04-18T16:11:23.096Z] [iam] checking project patient-aid-eac13 for permissions ["firebase.projects.get","firebasehosting.sites.update"]
[debug] [2022-04-18T16:11:23.098Z] >>> [apiv2][query] POST https://cloudresourcemanager.googleapis.com/v1/projects/patient-aid-eac13:testIamPermissions [none]
[debug] [2022-04-18T16:11:23.099Z] >>> [apiv2][body] POST https://cloudresourcemanager.googleapis.com/v1/projects/patient-aid-eac13:testIamPermissions {"permissions":["firebase.projects.get","firebasehosting.sites.update"]}
[debug] [2022-04-18T16:11:24.765Z] <<< [apiv2][status] POST https://cloudresourcemanager.googleapis.com/v1/projects/patient-aid-eac13:testIamPermissions 200
[debug] [2022-04-18T16:11:24.765Z] <<< [apiv2][body] POST https://cloudresourcemanager.googleapis.com/v1/projects/patient-aid-eac13:testIamPermissions {"permissions":["firebase.projects.get","firebasehosting.sites.update"]}
[debug] [2022-04-18T16:11:24.770Z] >>> [apiv2][query] GET https://firebase.googleapis.com/v1beta1/projects/patient-aid-eac13 [none]
[debug] [2022-04-18T16:11:25.574Z] <<< [apiv2][status] GET https://firebase.googleapis.com/v1beta1/projects/patient-aid-eac13 200
[debug] [2022-04-18T16:11:25.574Z] <<< [apiv2][body] GET https://firebase.googleapis.com/v1beta1/projects/patient-aid-eac13 {"projectId":"patient-aid-eac13","projectNumber":"913519210746","displayName":"Patient Aid","name":"projects/patient-aid-eac13","resources":{"hostingSite":"patient-aid-eac13"},"state":"ACTIVE"}
[info] 
[info] === Deploying to 'patient-aid-eac13'...
[info] 
[info] i  deploying hosting 
[debug] [2022-04-18T16:11:25.584Z] >>> [apiv2][query] GET https://firebase.googleapis.com/v1beta1/projects/patient-aid-eac13 [none]
[debug] [2022-04-18T16:11:26.051Z] <<< [apiv2][status] GET https://firebase.googleapis.com/v1beta1/projects/patient-aid-eac13 200
[debug] [2022-04-18T16:11:26.052Z] <<< [apiv2][body] GET https://firebase.googleapis.com/v1beta1/projects/patient-aid-eac13 {"projectId":"patient-aid-eac13","projectNumber":"913519210746","displayName":"Patient Aid","name":"projects/patient-aid-eac13","resources":{"hostingSite":"patient-aid-eac13"},"state":"ACTIVE"}
[debug] [2022-04-18T16:11:26.059Z] >>> [apiv2][query] POST https://firebasehosting.googleapis.com/v1beta1/projects/913519210746/sites/patient-aid-eac13/versions [none]
[debug] [2022-04-18T16:11:26.060Z] >>> [apiv2][body] POST https://firebasehosting.googleapis.com/v1beta1/projects/913519210746/sites/patient-aid-eac13/versions {"config":{"rewrites":[{"glob":"**","path":"/index.html"}]},"labels":{"deployment-tool":"cli-firebase"}}
[debug] [2022-04-18T16:11:30.819Z] <<< [apiv2][status] POST https://firebasehosting.googleapis.com/v1beta1/projects/913519210746/sites/patient-aid-eac13/versions 200
[debug] [2022-04-18T16:11:30.820Z] <<< [apiv2][body] POST https://firebasehosting.googleapis.com/v1beta1/projects/913519210746/sites/patient-aid-eac13/versions {"name":"projects/913519210746/sites/patient-aid-eac13/versions/8201b41edaa579e8","status":"CREATED","config":{"rewrites":[{"glob":"**","path":"/index.html"}]},"labels":{"deployment-tool":"cli-firebase"}}
[info] i  hosting[patient-aid-eac13]: beginning deploy... 
[info] i  hosting[patient-aid-eac13]: found 19 files in build 
[debug] [2022-04-18T16:11:30.868Z] [hosting] uploading with 200 concurrency
[debug] [2022-04-18T16:11:31.212Z] [hosting] hash cache [YnVpbGQ] stored for 19 files
[debug] [2022-04-18T16:11:31.213Z] [hosting][hash queue][FINAL] {"max":334,"min":8,"avg":36.26315789473684,"active":0,"complete":19,"success":19,"errored":0,"retried":0,"total":19,"elapsed":343}
[debug] [2022-04-18T16:11:31.213Z] >>> [apiv2][query] POST https://firebasehosting.googleapis.com/v1beta1/projects/913519210746/sites/patient-aid-eac13/versions/8201b41edaa579e8:populateFiles [none]
[debug] [2022-04-18T16:11:31.213Z] >>> [apiv2][body] POST https://firebasehosting.googleapis.com/v1beta1/projects/913519210746/sites/patient-aid-eac13/versions/8201b41edaa579e8:populateFiles {"files":{"/favicon.ico":"e15f3f3db0137d63cf24187fd59d12f19176ec6dadfdc4dd0c95caa6cc4980e8","/logo192.png":"3ee59515172ee198f3be375979df15ac5345183e656720a381b8872b2a39dc8b","/logo512.png":"ee7e2f3fdb8209c4b6fd7bef6ba50d1b9dba30a25bb5c3126df057e1cb6f5331","/manifest.json":"aff3449bdc238776f5d6d967f19ec491b36aed5fb7f23ccff6500736fd58494a","/robots.txt":"bfe106a3fb878dc83461c86818bf74fc1bdc7f28538ba613cd3e775516ce8b49","/services.json":"1b7076328b26da0d1899fef209de99e8eea3d2acbf0b616cfddc5bc8b0fcad4c","/asset-manifest.json":"a5844e7ac009fe99fa1610d8331bf2061587297d83c1401077b88762912f280d","/index.html":"4eb70d2fb59efa1ae345c817bc692defe0332eba4bbf58b258a082f38197c279","/static/css/main.1a0559a6.css":"ef18a8ce1903f266b898a180432c773fb4b54da2ab5c1996312e0e26d6e9d817","/static/js/787.28cb0dcd.chunk.js":"b72129aadef2b1cce5f847b935b4b58bca879c736479ede4c4e80bccf03f82a0","/static/js/main.264411b1.js.LICENSE.txt":"d59f343038ca8078df2839431b7009ea0518e4ed8a1f8edd0914c6a3d3bccf48","/static/js/787.28cb0dcd.chunk.js.map":"f369d3a00df3547b02c2a96fe5b4477c88ba87b846708411e5f2eca3704d5918","/static/css/main.1a0559a6.css.map":"a5ab782405fe66967cd1e2616c5e8d08d48147eb9410c680686873ef63db6c9d","/static/media/facebook.7ef2feb80951818ac952.png":"5baac5bbbfd2b210e4dbbd5b73dbfef5be2dc8709b17e7030dfb33bfe7fd4ffb","/static/media/banner.2e3940b7538488f3120e.jpg":"7521ef5b4a7a6f95429d81096ec9ab5703c548a48028b54f95503a8b1a242c3d","/static/media/notFound.c5459c1d9c7ef70f3edf.png":"67c654d9005faa9a826494f0b71e803b821ff045e612146557922d994ff4c6df","/static/js/main.264411b1.js":"e457e00ccc348c08517f99e0f3dd94c7243f167306a04a3fa5e60e8962dab6cb","/static/media/me.15707adcd40625521c7e.png":"8dc34898afe664db762d0a38e9a0c3032bb7daf3bcfbaacc6d0573c9ab341e84","/static/js/main.264411b1.js.map":"ce9eea4f3e28ab204d11f05a41c4bd5c9d6f98363e2646419e9189b8d2c1513f"}}
[debug] [2022-04-18T16:11:35.043Z] <<< [apiv2][status] POST https://firebasehosting.googleapis.com/v1beta1/projects/913519210746/sites/patient-aid-eac13/versions/8201b41edaa579e8:populateFiles 200
[debug] [2022-04-18T16:11:35.044Z] <<< [apiv2][body] POST https://firebasehosting.googleapis.com/v1beta1/projects/913519210746/sites/patient-aid-eac13/versions/8201b41edaa579e8:populateFiles {"uploadRequiredHashes":["ce9eea4f3e28ab204d11f05a41c4bd5c9d6f98363e2646419e9189b8d2c1513f"],"uploadUrl":"https://upload-firebasehosting.googleapis.com/upload/sites/patient-aid-eac13/versions/8201b41edaa579e8/files"}
[debug] [2022-04-18T16:11:35.047Z] >>> [apiv2][query] POST https://upload-firebasehosting.googleapis.com/upload/sites/patient-aid-eac13/versions/8201b41edaa579e8/files/ce9eea4f3e28ab204d11f05a41c4bd5c9d6f98363e2646419e9189b8d2c1513f [none]
[debug] [2022-04-18T16:11:35.047Z] >>> [apiv2][body] POST https://upload-firebasehosting.googleapis.com/upload/sites/patient-aid-eac13/versions/8201b41edaa579e8/files/ce9eea4f3e28ab204d11f05a41c4bd5c9d6f98363e2646419e9189b8d2c1513f [stream]
[debug] [2022-04-18T16:11:35.052Z] [hosting][populate queue][FINAL] {"max":3836,"min":3836,"avg":3836,"active":0,"complete":1,"success":1,"errored":0,"retried":0,"total":1,"elapsed":3841}
[debug] [2022-04-18T16:11:35.053Z] [hosting] uploads queued: 1
[debug] [2022-04-18T16:12:34.266Z] [uploadQueue] Retrying task ce9eea4f3e28ab204d11f05a41c4bd5c9d6f98363e2646419e9189b8d2c1513f
[debug] [2022-04-18T16:12:34.268Z] >>> [apiv2][query] POST https://upload-firebasehosting.googleapis.com/upload/sites/patient-aid-eac13/versions/8201b41edaa579e8/files/ce9eea4f3e28ab204d11f05a41c4bd5c9d6f98363e2646419e9189b8d2c1513f [none]
[debug] [2022-04-18T16:12:34.268Z] >>> [apiv2][body] POST https://upload-firebasehosting.googleapis.com/upload/sites/patient-aid-eac13/versions/8201b41edaa579e8/files/ce9eea4f3e28ab204d11f05a41c4bd5c9d6f98363e2646419e9189b8d2c1513f [stream]
[debug] [2022-04-18T16:13:33.870Z] [uploadQueue] Retrying task ce9eea4f3e28ab204d11f05a41c4bd5c9d6f98363e2646419e9189b8d2c1513f
[debug] [2022-04-18T16:13:33.871Z] >>> [apiv2][query] POST https://upload-firebasehosting.googleapis.com/upload/sites/patient-aid-eac13/versions/8201b41edaa579e8/files/ce9eea4f3e28ab204d11f05a41c4bd5c9d6f98363e2646419e9189b8d2c1513f [none]
[debug] [2022-04-18T16:13:33.872Z] >>> [apiv2][body] POST https://upload-firebasehosting.googleapis.com/upload/sites/patient-aid-eac13/versions/8201b41edaa579e8/files/ce9eea4f3e28ab204d11f05a41c4bd5c9d6f98363e2646419e9189b8d2c1513f [stream]
[debug] [2022-04-18T16:14:34.260Z] [uploadQueue] Retrying task ce9eea4f3e28ab204d11f05a41c4bd5c9d6f98363e2646419e9189b8d2c1513f
[debug] [2022-04-18T16:14:34.261Z] >>> [apiv2][query] POST https://upload-firebasehosting.googleapis.com/upload/sites/patient-aid-eac13/versions/8201b41edaa579e8/files/ce9eea4f3e28ab204d11f05a41c4bd5c9d6f98363e2646419e9189b8d2c1513f [none]
[debug] [2022-04-18T16:14:34.261Z] >>> [apiv2][body] POST https://upload-firebasehosting.googleapis.com/upload/sites/patient-aid-eac13/versions/8201b41edaa579e8/files/ce9eea4f3e28ab204d11f05a41c4bd5c9d6f98363e2646419e9189b8d2c1513f [stream]
[debug] [2022-04-18T16:15:36.259Z] [uploadQueue] Retrying task ce9eea4f3e28ab204d11f05a41c4bd5c9d6f98363e2646419e9189b8d2c1513f
[debug] [2022-04-18T16:15:36.260Z] >>> [apiv2][query] POST https://upload-firebasehosting.googleapis.com/upload/sites/patient-aid-eac13/versions/8201b41edaa579e8/files/ce9eea4f3e28ab204d11f05a41c4bd5c9d6f98363e2646419e9189b8d2c1513f [none]
[debug] [2022-04-18T16:15:36.261Z] >>> [apiv2][body] POST https://upload-firebasehosting.googleapis.com/upload/sites/patient-aid-eac13/versions/8201b41edaa579e8/files/ce9eea4f3e28ab204d11f05a41c4bd5c9d6f98363e2646419e9189b8d2c1513f [stream]
